Line 16: Property Icon in FForm1 had an invalid file reference.
Line 194: Property MICON in cmd had an invalid file reference.
Line 233: Property MICON in cmd had an invalid file reference.
Line 272: Property MICON in cmd had an invalid file reference.
Line 311: Property MICON in cmd had an invalid file reference.
Line 350: Property MICON in cmd had an invalid file reference.
Line 448: Property MICON in cmd had an invalid file reference.
Line 487: Property MICON in cmd had an invalid file reference.
Line 526: Property MICON in cmd had an invalid file reference.
Line 527: Property PICN in cmd had an invalid file reference.
Line 528: Property PICH in cmd had an invalid file reference.
Line 566: Property MICON in Command2 had an invalid file reference.
Line 567: Property PICN in Command2 had an invalid file reference.
Line 568: Property PICH in Command2 had an invalid file reference.
Line 615: Property MICON in cmd had an invalid file reference.
Line 616: Property PICN in cmd had an invalid file reference.
Line 617: Property PICH in cmd had an invalid file reference.
Line 656: Property MICON in cmd had an invalid file reference.
Line 694: Property MICON in Label4 had an invalid file reference.
Line 732: Property MICON in Image1 had an invalid file reference.
Line 733: Property PICN in Image1 had an invalid file reference.
Line 734: Property PICH in Image1 had an invalid file reference.
Line 773: Property MICON in cmd had an invalid file reference.
Line 812: Property MICON in cmd had an invalid file reference.
Line 850: Property MICON in Option1 had an invalid file reference.
Line 899: Property MICON in cmd had an invalid file reference.
Line 938: Property MICON in cmd had an invalid file reference.
Line 977: Property MICON in cmd had an invalid file reference.
Line 1016: Property MICON in cmd had an invalid file reference.
Line 1408: Property MICON in cmd had an invalid file reference.
Line 1447: Property MICON in cmd had an invalid file reference.
Line 1486: Property MICON in cmd had an invalid file reference.
Line 1525: Property MICON in cmd had an invalid file reference.
Line 1581: Property MICON in cmd had an invalid file reference.
Line 1620: Property MICON in cmd had an invalid file reference.
Line 1659: Property MICON in cmd had an invalid file reference.
Line 1698: Property MICON in cmd had an invalid file reference.
Line 1737: Property MICON in cmd had an invalid file reference.
Line 1776: Property MICON in cmd had an invalid file reference.
Line 1815: Property MICON in cmd had an invalid file reference.
Line 1854: Property MICON in cmd had an invalid file reference.
Line 1893: Property MICON in cmd had an invalid file reference.
Line 1905: Property ItemData in List1 had an invalid file reference.
Line 1907: Property List in List1 had an invalid file reference.
Line 1974: Property MICON in cmd had an invalid file reference.
Line 2013: Property MICON in cmd had an invalid file reference.
Line 2014: Property PICN in cmd had an invalid file reference.
Line 2015: Property PICH in cmd had an invalid file reference.
Line 2054: Property MICON in cmd had an invalid file reference.
Line 2055: Property PICN in cmd had an invalid file reference.
Line 2056: Property PICH in cmd had an invalid file reference.
Line 2154: Property TabPicture(0) in SSTab1 had an invalid file reference.
Line 2158: Property TabPicture(1) in SSTab1 had an invalid file reference.
Line 2210: Property Picture in ListImage1 had an invalid file reference.
Line 2214: Property Picture in ListImage2 had an invalid file reference.
Line 2218: Property Picture in ListImage3 had an invalid file reference.
Line 2222: Property Picture in ListImage4 had an invalid file reference.
Line 2226: Property Picture in ListImage5 had an invalid file reference.
Line 2248: Property TabPicture(0) in SSTab3 had an invalid file reference.
Line 2252: Property TabPicture(1) in SSTab3 had an invalid file reference.
Line 2256: Property TabPicture(2) in SSTab3 had an invalid file reference.
Line 2260: Property TabPicture(3) in SSTab3 had an invalid file reference.
Line 2264: Property TabPicture(4) in SSTab3 had an invalid file reference.
Line 2292: Property Picture in ListImage1 had an invalid file reference.
Line 2296: Property Picture in ListImage2 had an invalid file reference.
Line 2300: Property Picture in ListImage3 had an invalid file reference.
Line 2304: Property Picture in ListImage4 had an invalid file reference.
Line 2308: Property Picture in ListImage5 had an invalid file reference.
Line 2312: Property Picture in ListImage6 had an invalid file reference.
