Line 48: Property MICON in Command1 had an invalid file reference.
Line 87: Property MICON in Command2 had an invalid file reference.
Line 126: Property MICON in Command3 had an invalid file reference.
Line 268: Property MICON in Cm had an invalid file reference.
Line 307: Property MICON in Cm had an invalid file reference.
Line 346: Property MICON in Cm had an invalid file reference.
Line 385: Property MICON in Cm had an invalid file reference.
Line 424: Property MICON in Cm had an invalid file reference.
Line 463: Property MICON in Cm had an invalid file reference.
Line 502: Property MICON in Cm had an invalid file reference.
Line 541: Property MICON in Cm had an invalid file reference.
Line 580: Property MICON in Cm had an invalid file reference.
Line 619: Property MICON in Cm had an invalid file reference.
Line 658: Property MICON in Cm had an invalid file reference.
Line 697: Property MICON in Cm had an invalid file reference.
Line 736: Property MICON in Cm had an invalid file reference.
Line 792: Property MICON in Command4 had an invalid file reference.
Line 888: Property MICON in Co had an invalid file reference.
Line 927: Property MICON in Co had an invalid file reference.
Line 966: Property MICON in Co had an invalid file reference.
Line 1005: Property MICON in Co had an invalid file reference.
Line 1069: Property MICON in Com had an invalid file reference.
Line 1108: Property MICON in Com had an invalid file reference.
Line 1147: Property MICON in Com had an invalid file reference.
Line 1186: Property MICON in Com had an invalid file reference.
Line 1314: Property MouseIcon in Frame1 had an invalid file reference.
Line 1344: Property MouseIcon in Frame3 had an invalid file reference.
